A D/CVSROOT.dotlrn////
A D/accounts-desk////
A D/accounts-finance////
A D/accounts-ledger////
A D/accounts-payables////
A D/accounts-payroll////
A D/accounts-receivables////
A D/acs-admin////
A D/acs-api-browser////
A D/acs-authentication////
A D/acs-automated-testing////
A D/acs-bootstrap-installer////
A D/acs-content-repository////
A D/acs-core-docs////
A D/acs-datetime////
A D/acs-developer-support////
A D/acs-events////
A D/acs-interface////
A D/acs-kernel////
A D/acs-lang////
A D/acs-ldap-authentication////
A D/acs-mail////
A D/acs-mail-lite////
A D/acs-messaging////
A D/acs-notification////
A D/acs-object-management////
A D/acs-outdated////
A D/acs-person////
A D/acs-reference////
A D/acs-service-contract////
A D/acs-subsite////
A D/acs-tcl////
A D/acs-templating////
A D/acs-translations////
A D/address-book////
A D/adserver////
A D/ae-portlet////
A D/ajax-filestorage-ui////
A D/ajax-photoalbum-ui////
A D/ajaxhelper////
A D/ams////
A D/anon-eval////
A D/application-track////
A D/application-track-portlet////
A D/assessment////
A D/assessment-portlet////
A D/attachments////
A D/attendance////
A D/auth-cas////
A D/auth-http////
A D/auth-ldap////
A D/auth-pam////
A D/auth-server////
A D/authorize-gateway////
A D/b-responsive-theme////
A D/bboard-portlet////
A D/beehive////
A D/beehive-portlet////
A D/bm-portlet////
A D/bookmarks////
A D/bookshelf////
A D/boomerang////
A D/bug-tracker////
A D/bulk-mail////
A D/calendar////
A D/calendar-includelet////
A D/calendar-portlet////
A D/cards////
A D/cards-portlet////
A D/categories////
A D/chat////
A D/chat-includelet////
A D/chat-portlet////
A D/cl-custom////
A D/clickthrough////
A D/clipboard////
A D/cms////
A D/cms-news-demo////
A D/connections////
A D/contacts////
A D/contacts-portlet////
A D/content-includelet////
A D/content-portlet////
A D/cookie-consent////
A D/courses////
A D/cronjob////
A D/curriculum////
A D/curriculum-central////
A D/curriculum-portlet////
A D/curriculum-tracker////
A D/customer-service////
A D/datamanager////
A D/datamanager-portlet////
A D/dbm////
A D/diagram////
A D/directory////
A D/dotfolio////
A D/dotfolio-ui////
A D/dotkul////
A D/dotkul-admin////
A D/dotlrn////
A D/dotlrn-admin////
A D/dotlrn-ae////
A D/dotlrn-application-track////
A D/dotlrn-assessment////
A D/dotlrn-attendance////
A D/dotlrn-bboard////
A D/dotlrn-beehive////
A D/dotlrn-bm////
A D/dotlrn-bootstrap3-theme////
A D/dotlrn-calendar////
A D/dotlrn-cards////
A D/dotlrn-catalog////
A D/dotlrn-chat////
A D/dotlrn-contacts////
A D/dotlrn-content////
A D/dotlrn-curriculum////
A D/dotlrn-datamanager////
A D/dotlrn-dotlrn////
A D/dotlrn-ecommerce////
A D/dotlrn-edit-this-page////
A D/dotlrn-eduwiki////
A D/dotlrn-evaluation////
A D/dotlrn-expense-tracking////
A D/dotlrn-faq////
A D/dotlrn-forums////
A D/dotlrn-fs////
A D/dotlrn-glossar////
A D/dotlrn-homework////
A D/dotlrn-imsld////
A D/dotlrn-invoices////
A D/dotlrn-jabber////
A D/dotlrn-lamsint////
A D/dotlrn-latest////
A D/dotlrn-learning-content////
A D/dotlrn-lorsm////
A D/dotlrn-messages////
A D/dotlrn-mmplayer////
A D/dotlrn-news////
A D/dotlrn-news-aggregator////
A D/dotlrn-photo-album////
A D/dotlrn-portlet////
A D/dotlrn-project-manager////
A D/dotlrn-quota////
A D/dotlrn-random-photo////
A D/dotlrn-recruiting////
A D/dotlrn-research////
A D/dotlrn-static////
A D/dotlrn-survey////
A D/dotlrn-syllabus////
A D/dotlrn-tasks////
A D/dotlrn-user-tracking////
A D/dotlrn-weblogger////
A D/dotlrn-wikipedia////
A D/dotlrn-wps////
A D/dotlrn-xowiki////
A D/dotlrndoc////
A D/download////
A D/dynamic-types////
A D/ec-serial-numbers////
A D/ecommerce////
A D/edit-this-page////
A D/edit-this-page-portlet////
A D/eduwiki////
A D/eduwiki-portlet////
A D/email-handler////
A D/evaluation////
A D/evaluation-portlet////
A D/expense-tracking////
A D/expenses////
A D/ezic-gateway////
A D/fabrik////
A D/facebook-api////
A D/faq////
A D/faq-portlet////
A D/feed-parser////
A D/file-manager////
A D/file-storage////
A D/file-storage-includelet////
A D/forums////
A D/forums-includelet////
A D/forums-portlet////
A D/fs-portlet////
A D/gatekeeper////
A D/general-comments////
A D/glossar////
A D/glossar-portlet////
A D/glossary////
A D/image-magick////
A D/ims-ent////
A D/imsld////
A D/imsld-portlet////
A D/intermedia-driver////
A D/inventory-control////
A D/invoices////
A D/invoices-portlet////
A D/jabber////
A D/jabber-portlet////
A D/lab-report////
A D/lab-report-central////
A D/lamsconf////
A D/lamsint////
A D/lamsint-portlet////
A D/lars-blogger////
A D/latest////
A D/latest-portlet////
A D/layout-managed-subsite////
A D/layout-manager////
A D/learning-content////
A D/learning-content-portlet////
A D/logger////
A D/lors////
A D/lors-central////
A D/lorsm////
A D/lorsm-includelet////
A D/lorsm-portlet////
A D/mail-tracking////
A D/messages////
A D/messages-portlet////
A D/mmplayer////
A D/mmplayer-portlet////
A D/monitoring////
A D/new-portal////
A D/news////
A D/news-aggregator////
A D/news-aggregator-portlet////
A D/news-includelet////
A D/news-portlet////
A D/notes////
A D/notifications////
A D/oacs-dav////
A D/oct-election////
A D/online-catalog////
A D/openacs-bootstrap3-theme////
A D/openacs-default-theme////
A D/openfts-driver////
A D/organizations////
A D/package-builder////
A D/page////
A D/pages////
A D/payflowpro////
A D/payment-gateway////
A D/photo-album////
A D/photo-album-portlet////
A D/places////
A D/planner////
A D/poll////
A D/postal-address////
A D/postcard////
A D/press////
A D/profile-provider////
A D/project-manager////
A D/project-manager-portlet////
A D/q-forms////
A D/q-wiki////
A D/quota////
A D/quota-portlet////
A D/random-photo-portlet////
A D/ratings////
A D/recruiting////
A D/recruiting-portlet////
A D/redirect////
A D/ref-countries////
A D/ref-currency////
A D/ref-gifi////
A D/ref-itu////
A D/ref-language////
A D/ref-timezones////
A D/ref-unspsc////
A D/ref-us-counties////
A D/ref-us-states////
A D/ref-us-zipcodes////
A D/related-items////
A D/research-portlet////
A D/richtext-ckeditor4////
A D/richtext-ckeditor5////
A D/richtext-tinymce////
A D/richtext-xinha////
A D/robot-detection////
A D/rss-support////
A D/rules////
A D/s5////
A D/sample-gateway////
A D/schema-browser////
A D/scholarship-fund////
A D/scorm-core////
A D/scorm-importer////
A D/scorm-player////
A D/scorm-simple-lms////
A D/search////
A D/shipping-gateway////
A D/shipping-tracking////
A D/simple-survey////
A D/simulation////
A D/site-wide-search////
A D/skin////
A D/sloan-bboard////
A D/soap-db////
A D/soap-gateway////
A D/spam////
A D/spreadsheet////
A D/static-pages////
A D/static-portlet////
A D/survey////
A D/survey-builder-ui////
A D/survey-library////
A D/survey-portlet////
A D/survey-reports////
A D/t-account////
A D/tasks////
A D/tasks-portlet////
A D/telecom-number////
A D/theme-ges////
A D/theme-selva////
A D/theme-zen////
A D/timezones////
A D/trackback////
A D/tracker////
A D/tsearch2-driver////
A D/tsoap////
A D/user-preferences////
A D/user-profile////
A D/user-tracking////
A D/user-tracking-portlet////
A D/value-based-shipping////
A D/version-control////
A D/views////
A D/weblogger-portlet////
A D/webmail////
A D/webmail-system////
A D/wiki////
A D/wikipedia////
A D/wikipedia-portlet////
A D/workflow////
A D/wp-slim////
A D/wps-portlet////
A D/xcms-ui////
A D/xml-rpc////
A D/xolp////
A D/xotcl-core////
A D/xotcl-request-monitor////
A D/xowf////
A D/xowiki////
A D/xowiki-includelet////
A D/xowiki-portlet////
R D/xowiki-includelet////
R D/xolp////
R D/xml-rpc////
R D/xcms-ui////
R D/wps-portlet////
R D/wp-slim////
R D/workflow////
R D/wikipedia-portlet////
R D/wikipedia////
R D/wiki////
R D/webmail-system////
R D/webmail////
R D/weblogger-portlet////
R D/version-control////
R D/value-based-shipping////
R D/user-tracking-portlet////
R D/user-tracking////
R D/user-preferences////
R D/tsoap////
R D/tracker////
R D/trackback////
R D/timezones////
R D/theme-selva////
R D/theme-ges////
R D/telecom-number////
R D/tasks-portlet////
R D/tasks////
R D/t-account////
R D/survey-reports////
R D/survey-portlet////
R D/survey-library////
R D/survey-builder-ui////
R D/static-pages////
R D/spreadsheet////
R D/spam////
R D/soap-gateway////
R D/soap-db////
R D/sloan-bboard////
R D/skin////
R D/site-wide-search////
R D/simulation////
R D/simple-survey////
R D/shipping-tracking////
R D/shipping-gateway////
R D/scorm-simple-lms////
R D/scorm-player////
R D/scorm-importer////
R D/scorm-core////
R D/scholarship-fund////
R D/schema-browser////
R D/sample-gateway////
R D/s5////
R D/rules////
R D/robot-detection////
R D/richtext-ckeditor5////
R D/research-portlet////
R D/related-items////
R D/ref-us-zipcodes////
R D/ref-us-states////
R D/ref-us-counties////
R D/ref-unspsc////
R D/ref-itu////
R D/ref-gifi////
R D/ref-currency////
R D/redirect////
R D/recruiting-portlet////
R D/recruiting////
R D/ratings////
R D/random-photo-portlet////
R D/quota-portlet////
R D/quota////
R D/q-wiki////
R D/q-forms////
R D/project-manager-portlet////
R D/project-manager////
R D/press////
R D/postcard////
R D/postal-address////
R D/poll////
R D/planner////
R D/places////
R D/photo-album-portlet////
R D/photo-album////
R D/payment-gateway////
R D/payflowpro////
R D/pages////
R D/page////
R D/package-builder////
R D/organizations////
R D/openfts-driver////
R D/online-catalog////
R D/oct-election////
R D/notes////
R D/news-includelet////
R D/news-aggregator-portlet////
R D/news-aggregator////
R D/monitoring////
R D/mmplayer-portlet////
R D/mmplayer////
R D/messages-portlet////
R D/messages////
R D/mail-tracking////
R D/lorsm-portlet////
R D/lorsm-includelet////
R D/lorsm////
R D/lors-central////
R D/lors////
R D/logger////
R D/learning-content-portlet////
R D/learning-content////
R D/layout-manager////
R D/layout-managed-subsite////
R D/latest-portlet////
R D/latest////
R D/lars-blogger////
R D/lamsint-portlet////
R D/lamsint////
R D/lamsconf////
R D/lab-report-central////
R D/lab-report////
R D/jabber-portlet////
R D/jabber////
R D/invoices-portlet////
R D/invoices////
R D/inventory-control////
R D/imsld-portlet////
R D/imsld////
R D/ims-ent////
R D/image-magick////
R D/glossary////
R D/glossar-portlet////
R D/glossar////
R D/gatekeeper////
R D/forums-includelet////
R D/file-storage-includelet////
R D/file-manager////
R D/feed-parser////
R D/facebook-api////
R D/fabrik////
R D/ezic-gateway////
R D/expenses////
R D/expense-tracking////
R D/email-handler////
R D/eduwiki-portlet////
R D/eduwiki////
R D/edit-this-page-portlet////
R D/edit-this-page////
R D/ecommerce////
R D/ec-serial-numbers////
R D/dynamic-types////
R D/download////
R D/dotlrndoc////
R D/dotlrn-wps////
R D/dotlrn-wikipedia////
R D/dotlrn-weblogger////
R D/dotlrn-user-tracking////
R D/dotlrn-tasks////
R D/dotlrn-syllabus////
R D/dotlrn-survey////
R D/dotlrn-research////
R D/dotlrn-recruiting////
R D/dotlrn-random-photo////
R D/dotlrn-quota////
R D/dotlrn-project-manager////
R D/dotlrn-photo-album////
R D/dotlrn-news-aggregator////
R D/dotlrn-mmplayer////
R D/dotlrn-messages////
R D/dotlrn-lorsm////
R D/dotlrn-learning-content////
R D/dotlrn-latest////
R D/dotlrn-lamsint////
R D/dotlrn-jabber////
R D/dotlrn-invoices////
R D/dotlrn-imsld////
R D/dotlrn-glossar////
R D/dotlrn-expense-tracking////
R D/dotlrn-eduwiki////
R D/dotlrn-edit-this-page////
R D/dotlrn-ecommerce////
R D/dotlrn-datamanager////
R D/dotlrn-curriculum////
R D/dotlrn-content////
R D/dotlrn-contacts////
R D/dotlrn-catalog////
R D/dotlrn-cards////
R D/dotlrn-beehive////
R D/dotlrn-bboard////
R D/dotlrn-attendance////
R D/dotlrn-application-track////
R D/dotlrn-ae////
R D/dotlrn-admin////
R D/dotkul-admin////
R D/dotkul////
R D/dotfolio-ui////
R D/dotfolio////
R D/directory////
R D/diagram////
R D/dbm////
R D/datamanager-portlet////
R D/datamanager////
R D/customer-service////
R D/curriculum-tracker////
R D/curriculum-portlet////
R D/curriculum-central////
R D/curriculum////
R D/cronjob////
R D/courses////
R D/content-portlet////
R D/content-includelet////
R D/contacts-portlet////
R D/contacts////
R D/connections////
R D/cms-news-demo////
R D/cms////
R D/clipboard////
R D/clickthrough////
R D/cl-custom////
R D/chat-includelet////
R D/cards-portlet////
R D/cards////
R D/calendar-includelet////
R D/bug-tracker////
R D/bookshelf////
R D/bookmarks////
R D/beehive-portlet////
R D/beehive////
R D/bboard-portlet////
R D/b-responsive-theme////
R D/authorize-gateway////
R D/auth-server////
R D/auth-pam////
R D/auth-ldap////
R D/auth-http////
R D/auth-cas////
R D/attendance////
R D/application-track-portlet////
R D/application-track////
R D/anon-eval////
R D/ams////
R D/ajax-photoalbum-ui////
R D/ajax-filestorage-ui////
R D/ae-portlet////
R D/adserver////
R D/address-book////
R D/acs-person////
R D/acs-object-management////
R D/acs-notification////
R D/acs-mail////
R D/acs-ldap-authentication////
R D/acs-interface////
R D/accounts-receivables////
R D/accounts-payroll////
R D/accounts-payables////
R D/accounts-ledger////
R D/accounts-finance////
R D/accounts-desk////
R D/CVSROOT.dotlrn////
